==1082001== Memcheck, a memory error detector
==1082001== Copyright (C) 2002-2017, and GNU GPL'd, by Julian Seward et al.
==1082001== Using Valgrind-3.18.1 and LibVEX; rerun with -h for copyright info
==1082001== Command: ./minishell
==1082001== Parent PID: 1082000
==1082001== 
==1082001== 
==1082001== FILE DESCRIPTORS: 6 open (3 std) at exit.
==1082001== Open file descriptor 103: /usr/share/code/v8_context_snapshot.bin
==1082001==    <inherited from parent>
==1082001== 
==1082001== Open file descriptor 43: /home/hdougoud/.config/Code/logs/20250310T094930/ptyhost.log
==1082001==    <inherited from parent>
==1082001== 
==1082001== Open file descriptor 3: /home/hdougoud/Documents/MiniShell/resources/leaks.log
==1082001==    <inherited from parent>
==1082001== 
==1082001== 
==1082001== HEAP SUMMARY:
==1082001==     in use at exit: 208,199 bytes in 222 blocks
==1082001==   total heap usage: 1,017 allocs, 795 frees, 251,572 bytes allocated
==1082001== 
==1082001== LEAK SUMMARY:
==1082001==    definitely lost: 0 bytes in 0 blocks
==1082001==    indirectly lost: 0 bytes in 0 blocks
==1082001==      possibly lost: 0 bytes in 0 blocks
==1082001==    still reachable: 0 bytes in 0 blocks
==1082001==         suppressed: 208,199 bytes in 222 blocks
==1082001== 
==1082001== For lists of detected and suppressed errors, rerun with: -s
==1082001== ERROR SUMMARY: 0 errors from 0 contexts (suppressed: 0 from 0)
